[2025-02-11 06:39:49] Error:Exception: asd in C:\laragon\www\blog-post\bin\schema_load.php on line 12
[2025-02-11 13:40:19] Error:Exception: asd in C:\laragon\www\blog-post\bin\schema_load.php on line 12
[2025-02-11 14:12:44] Error:Exception: This is happening in web in C:\laragon\www\blog-post\app\controller\HomeController.php on line 10
[2025-02-11 14:12:45] Error:Exception: This is happening in web in C:\laragon\www\blog-post\app\controller\HomeController.php on line 10
[2025-02-11 14:12:54] Error:Exception: This is happening in web in C:\laragon\www\blog-post\app\controller\HomeController.php on line 10
[2025-02-11 14:12:55] Error:Exception: This is happening in web in C:\laragon\www\blog-post\app\controller\HomeController.php on line 10
[2025-02-11 14:12:56] Error:Exception: This is happening in web in C:\laragon\www\blog-post\app\controller\HomeController.php on line 10
[2025-02-11 14:12:57] Error:Exception: This is happening in web in C:\laragon\www\blog-post\app\controller\HomeController.php on line 10
[2025-02-11 14:12:57] Error:Exception: This is happening in web in C:\laragon\www\blog-post\app\controller\HomeController.php on line 10
[2025-02-11 14:12:57] Error:Exception: This is happening in web in C:\laragon\www\blog-post\app\controller\HomeController.php on line 10
[2025-02-11 14:12:59] Error:Exception: This is happening in web in C:\laragon\www\blog-post\app\controller\HomeController.php on line 10
[2025-02-11 14:13:00] Error:Exception: This is happening in web in C:\laragon\www\blog-post\app\controller\HomeController.php on line 10
[2025-02-11 14:13:01] Error:Exception: This is happening in web in C:\laragon\www\blog-post\app\controller\HomeController.php on line 10
[2025-02-11 14:13:01] Error:Exception: This is happening in web in C:\laragon\www\blog-post\app\controller\HomeController.php on line 10
[2025-02-11 14:13:02] Error:Exception: This is happening in web in C:\laragon\www\blog-post\app\controller\HomeController.php on line 10
[2025-02-11 14:13:02] Error:Exception: This is happening in web in C:\laragon\www\blog-post\app\controller\HomeController.php on line 10
[2025-02-11 14:13:02] Error:Exception: This is happening in web in C:\laragon\www\blog-post\app\controller\HomeController.php on line 10
[2025-02-11 14:13:02] Error:Exception: This is happening in web in C:\laragon\www\blog-post\app\controller\HomeController.php on line 10
[2025-02-11 14:13:03] Error:Exception: This is happening in web in C:\laragon\www\blog-post\app\controller\HomeController.php on line 10
[2025-02-11 14:13:03] Error:Exception: This is happening in web in C:\laragon\www\blog-post\app\controller\HomeController.php on line 10
[2025-02-11 14:13:03] Error:Exception: This is happening in web in C:\laragon\www\blog-post\app\controller\HomeController.php on line 10
[2025-02-11 14:13:03] Error:Exception: This is happening in web in C:\laragon\www\blog-post\app\controller\HomeController.php on line 10
[2025-02-11 14:13:03] Error:Exception: This is happening in web in C:\laragon\www\blog-post\app\controller\HomeController.php on line 10
[2025-02-11 14:13:04] Error:Exception: This is happening in web in C:\laragon\www\blog-post\app\controller\HomeController.php on line 10
[2025-02-11 14:13:04] Error:Exception: This is happening in web in C:\laragon\www\blog-post\app\controller\HomeController.php on line 10
[2025-02-11 14:13:04] Error:Exception: This is happening in web in C:\laragon\www\blog-post\app\controller\HomeController.php on line 10
[2025-02-11 14:13:04] Error:Exception: This is happening in web in C:\laragon\www\blog-post\app\controller\HomeController.php on line 10
[2025-02-11 14:13:04] Error:Exception: This is happening in web in C:\laragon\www\blog-post\app\controller\HomeController.php on line 10
[2025-02-11 14:13:05] Error:Exception: This is happening in web in C:\laragon\www\blog-post\app\controller\HomeController.php on line 10
[2025-02-11 14:13:05] Error:Exception: This is happening in web in C:\laragon\www\blog-post\app\controller\HomeController.php on line 10
[2025-02-11 14:13:05] Error:Exception: This is happening in web in C:\laragon\www\blog-post\app\controller\HomeController.php on line 10
[2025-02-11 14:13:05] Error:Exception: This is happening in web in C:\laragon\www\blog-post\app\controller\HomeController.php on line 10
[2025-02-11 14:13:05] Error:Exception: This is happening in web in C:\laragon\www\blog-post\app\controller\HomeController.php on line 10
[2025-02-11 14:13:06] Error:Exception: This is happening in web in C:\laragon\www\blog-post\app\controller\HomeController.php on line 10
[2025-02-11 14:13:06] Error:Exception: This is happening in web in C:\laragon\www\blog-post\app\controller\HomeController.php on line 10
[2025-02-11 14:13:06] Error:Exception: This is happening in web in C:\laragon\www\blog-post\app\controller\HomeController.php on line 10
[2025-02-11 14:13:06] Error:Exception: This is happening in web in C:\laragon\www\blog-post\app\controller\HomeController.php on line 10
[2025-02-11 14:13:06] Error:Exception: This is happening in web in C:\laragon\www\blog-post\app\controller\HomeController.php on line 10
[2025-02-11 14:13:06] Error:Exception: This is happening in web in C:\laragon\www\blog-post\app\controller\HomeController.php on line 10
[2025-02-11 14:13:07] Error:Exception: This is happening in web in C:\laragon\www\blog-post\app\controller\HomeController.php on line 10
[2025-02-11 14:13:07] Error:Exception: This is happening in web in C:\laragon\www\blog-post\app\controller\HomeController.php on line 10
[2025-02-11 14:13:07] Error:Exception: This is happening in web in C:\laragon\www\blog-post\app\controller\HomeController.php on line 10
[2025-02-11 14:13:07] Error:Exception: This is happening in web in C:\laragon\www\blog-post\app\controller\HomeController.php on line 10
[2025-02-11 14:14:46] Error:Exception: This is happening in web in C:\laragon\www\blog-post\app\controller\HomeController.php on line 10
[2025-02-11 14:15:34] Error:Exception: asd in C:\laragon\www\blog-post\bin\schema_load.php on line 12
[2025-02-11 14:16:49] Error:Exception: This is happening in web in C:\laragon\www\blog-post\app\controller\HomeController.php on line 10
[2025-02-11 14:19:15] Error:Exception: This is happening in web in C:\laragon\www\blog-post\app\controller\HomeController.php on line 10
[2025-02-11 14:19:16] Error:Exception: This is happening in web in C:\laragon\www\blog-post\app\controller\HomeController.php on line 10
[2025-02-11 14:19:18] Error:Exception: This is happening in web in C:\laragon\www\blog-post\app\controller\HomeController.php on line 10
[2025-02-11 14:19:18] Error:Exception: This is happening in web in C:\laragon\www\blog-post\app\controller\HomeController.php on line 10
[2025-02-11 14:19:19] Error:Exception: This is happening in web in C:\laragon\www\blog-post\app\controller\HomeController.php on line 10
[2025-02-11 14:19:19] Error:Exception: This is happening in web in C:\laragon\www\blog-post\app\controller\HomeController.php on line 10
[2025-02-11 14:19:20] Error:Exception: This is happening in web in C:\laragon\www\blog-post\app\controller\HomeController.php on line 10
[2025-02-11 14:19:20] Error:Exception: This is happening in web in C:\laragon\www\blog-post\app\controller\HomeController.php on line 10
[2025-02-11 14:19:20] Error:Exception: This is happening in web in C:\laragon\www\blog-post\app\controller\HomeController.php on line 10
[2025-02-11 14:19:20] Error:Exception: This is happening in web in C:\laragon\www\blog-post\app\controller\HomeController.php on line 10
[2025-02-11 14:19:20] Error:Exception: This is happening in web in C:\laragon\www\blog-post\app\controller\HomeController.php on line 10
[2025-02-11 14:19:21] Error:Exception: This is happening in web in C:\laragon\www\blog-post\app\controller\HomeController.php on line 10
[2025-02-11 14:19:21] Error:Exception: This is happening in web in C:\laragon\www\blog-post\app\controller\HomeController.php on line 10
[2025-02-11 14:19:21] Error:Exception: This is happening in web in C:\laragon\www\blog-post\app\controller\HomeController.php on line 10
[2025-02-11 14:19:44] Error:Exception: This is happening in web in C:\laragon\www\blog-post\app\controller\HomeController.php on line 10
[2025-02-11 14:22:52] Error:Exception: This is happening in web in C:\laragon\www\blog-post\app\controller\HomeController.php on line 10
[2025-02-11 14:28:01] Error:Error: Class "App\Controller\HomeController" not found in C:\laragon\www\blog-post\core\Router.php on line 69
[2025-02-11 14:28:15] Error:Error: Class "App\Controller\HomeController" not found in C:\laragon\www\blog-post\core\Router.php on line 69
[2025-02-11 14:28:59] Error:Error: Class "App\Controllers\HomeController" not found in C:\laragon\www\blog-post\core\Router.php on line 69
[2025-02-11 14:29:18] Error:Error: Class "App\Controller\HomeController" not found in C:\laragon\www\blog-post\core\Router.php on line 69
[2025-02-11 14:29:52] Error:Error: Class "App\Controllers\HomeController" not found in C:\laragon\www\blog-post\core\Router.php on line 69
[2025-02-11 14:30:42] Error:Error: Class "App\Controllers\PostController" not found in C:\laragon\www\blog-post\core\Router.php on line 69
[2025-02-11 14:30:46] Error:Error: Class "App\Controllers\HomeController" not found in C:\laragon\www\blog-post\core\Router.php on line 69
[2025-02-11 14:30:48] Error:Error: Class "App\Controllers\PostController" not found in C:\laragon\www\blog-post\core\Router.php on line 69
[2025-02-11 14:31:00] Error:Error: Class "App\Controllers\HomeController" not found in C:\laragon\www\blog-post\core\Router.php on line 69
[2025-02-11 14:31:02] Error:Error: Class "App\Controllers\PostController" not found in C:\laragon\www\blog-post\core\Router.php on line 69
[2025-02-11 14:31:07] Error:Error: Class "App\Controllers\HomeController" not found in C:\laragon\www\blog-post\core\Router.php on line 69
[2025-02-11 14:31:28] Error:Error: Class "App\Controllers\HomeController" not found in C:\laragon\www\blog-post\core\Router.php on line 69
[2025-02-11 14:50:38] Error:PDOException: SQLSTATE[23000]: Integrity constraint violation: 19 UNIQUE constraint failed: users.email in C:\laragon\www\blog-post\core\Database.php on line 41
[2025-02-11 14:51:55] Error:PDOException: SQLSTATE[23000]: Integrity constraint violation: 19 UNIQUE constraint failed: users.email in C:\laragon\www\blog-post\core\Database.php on line 41
[2025-02-11 14:52:22] Error:PDOException: SQLSTATE[23000]: Integrity constraint violation: 19 UNIQUE constraint failed: users.email in C:\laragon\www\blog-post\core\Database.php on line 41
[2025-02-11 14:53:08] Error:PDOException: SQLSTATE[23000]: Integrity constraint violation: 19 UNIQUE constraint failed: users.email in C:\laragon\www\blog-post\core\Database.php on line 41
[2025-02-11 16:37:10] Error:ErrorException: Undefined variable $message in C:\laragon\www\blog-post\app\views\home\index.php on line 3
[2025-02-11 17:43:00] Error:ErrorException: Creation of dynamic property App\Models\Post::$id is deprecated in C:\laragon\www\blog-post\core\Database.php on line 49
[2025-02-12 11:28:03] Error:ArgumentCountError: var_dump() expects at least 1 argument, 0 given in C:\laragon\www\blog-post\core\Router.php on line 69
[2025-02-12 11:32:40] Error:TypeError: PDOStatement::fetch(): Argument #2 ($cursorOrientation) must be of type int, string given in C:\laragon\www\blog-post\core\Database.php on line 55
[2025-02-12 11:33:44] Error:TypeError: PDOStatement::fetch(): Argument #2 ($cursorOrientation) must be of type int, string given in C:\laragon\www\blog-post\core\Database.php on line 55
[2025-02-12 11:34:23] Error:TypeError: PDOStatement::fetch(): Argument #2 ($cursorOrientation) must be of type int, string given in C:\laragon\www\blog-post\core\Database.php on line 55
[2025-02-12 11:34:26] Error:TypeError: PDOStatement::fetch(): Argument #2 ($cursorOrientation) must be of type int, string given in C:\laragon\www\blog-post\core\Database.php on line 55
[2025-02-12 11:36:02] Error:TypeError: PDOStatement::fetch(): Argument #2 ($cursorOrientation) must be of type int, string given in C:\laragon\www\blog-post\core\Database.php on line 55
[2025-02-12 11:39:57] Error:TypeError: PDOStatement::fetch(): Argument #2 ($cursorOrientation) must be of type int, string given in C:\laragon\www\blog-post\core\Database.php on line 55
[2025-02-12 11:40:10] Error:TypeError: PDOStatement::fetch(): Argument #2 ($cursorOrientation) must be of type int, string given in C:\laragon\www\blog-post\core\Database.php on line 55
[2025-02-12 11:40:33] Error:TypeError: PDOStatement::fetch(): Argument #2 ($cursorOrientation) must be of type int, string given in C:\laragon\www\blog-post\core\Database.php on line 55
[2025-02-12 11:43:37] Error:TypeError: PDOStatement::fetch(): Argument #2 ($cursorOrientation) must be of type int, string given in C:\laragon\www\blog-post\core\Database.php on line 55
[2025-02-12 11:43:45] Error:TypeError: PDOStatement::fetch(): Argument #2 ($cursorOrientation) must be of type int, string given in C:\laragon\www\blog-post\core\Database.php on line 55
[2025-02-12 12:09:17] Error:TypeError: PDOStatement::fetch(): Argument #2 ($cursorOrientation) must be of type int, string given in C:\laragon\www\blog-post\core\Database.php on line 55
[2025-02-12 12:17:04] Error:TypeError: PDOStatement::fetch(): Argument #2 ($cursorOrientation) must be of type int, string given in C:\laragon\www\blog-post\core\Database.php on line 55
[2025-02-12 12:17:07] Error:TypeError: PDOStatement::fetch(): Argument #2 ($cursorOrientation) must be of type int, string given in C:\laragon\www\blog-post\core\Database.php on line 55
[2025-02-12 12:17:09] Error:TypeError: PDOStatement::fetch(): Argument #2 ($cursorOrientation) must be of type int, string given in C:\laragon\www\blog-post\core\Database.php on line 55
[2025-02-12 12:17:10] Error:TypeError: PDOStatement::fetch(): Argument #2 ($cursorOrientation) must be of type int, string given in C:\laragon\www\blog-post\core\Database.php on line 55
[2025-02-12 12:26:14] Error:ErrorException: Creation of dynamic property App\Models\Comment::$id is deprecated in C:\laragon\www\blog-post\core\Database.php on line 49
[2025-02-12 12:59:52] Error:TypeError: Core\Model::find(): Return value must be of type ?App\Models\Post, bool returned in C:\laragon\www\blog-post\core\Model.php on line 17
[2025-02-12 13:00:47] Error:TypeError: Core\Model::find(): Return value must be of type ?App\Models\Post, bool returned in C:\laragon\www\blog-post\core\Model.php on line 17
[2025-02-12 13:14:54] Error:TypeError: Core\Model::find(): Return value must be of type ?App\Models\Post, bool returned in C:\laragon\www\blog-post\core\Model.php on line 17
[2025-02-12 13:31:23] Error:ArgumentCountError: Too few arguments to function Core\Model::all(), 0 passed in C:\laragon\www\blog-post\app\controllers\PostController.php on line 13 and exactly 1 expected in C:\laragon\www\blog-post\core\Model.php on line 8
[2025-02-12 13:40:50] Error:PDOException: SQLSTATE[HY000]: General error: 1 no such column: create_at in C:\laragon\www\blog-post\core\Database.php on line 40
[2025-02-14 12:59:04] Error:TypeError: Core\Router::callAction(): Return value must be of type string, null returned in C:\laragon\www\blog-post\core\Router.php on line 70
[2025-02-14 13:38:29] Error:ErrorException: session_regenerate_id(): Session ID cannot be regenerated when there is no active session in C:\laragon\www\blog-post\app\services\Auth.php on line 12
[2025-02-14 13:40:43] Error:ErrorException: Trying to access array offset on value of type null in C:\laragon\www\blog-post\public\index.php on line 11
[2025-02-14 14:09:22] Error:ErrorException: Undefined variable $user in C:\laragon\www\blog-post\app\views\layout\main.php on line 13
[2025-02-14 14:33:09] Error:ErrorException: Undefined variable $user in C:\laragon\www\blog-post\app\views\layout\main.php on line 13
[2025-02-14 14:34:45] Error:ErrorException: Undefined array key "user" in C:\laragon\www\blog-post\public\index.php on line 14
[2025-02-14 14:36:07] Error:ErrorException: Undefined array key "user" in C:\laragon\www\blog-post\public\index.php on line 14
[2025-02-14 14:36:26] Error:ErrorException: Undefined array key "user" in C:\laragon\www\blog-post\public\index.php on line 14
[2025-02-14 14:36:38] Error:ErrorException: Undefined array key "user" in C:\laragon\www\blog-post\public\index.php on line 14
[2025-02-14 14:36:52] Error:ErrorException: Undefined array key "user" in C:\laragon\www\blog-post\public\index.php on line 14
[2025-02-14 14:36:54] Error:ErrorException: Undefined array key "user" in C:\laragon\www\blog-post\public\index.php on line 14
[2025-02-14 14:36:56] Error:ErrorException: Undefined array key "user" in C:\laragon\www\blog-post\public\index.php on line 14
[2025-02-14 14:37:02] Error:ErrorException: Undefined array key "user" in C:\laragon\www\blog-post\public\index.php on line 14
[2025-02-14 14:37:02] Error:ErrorException: Undefined array key "user" in C:\laragon\www\blog-post\public\index.php on line 14
[2025-02-14 14:37:09] Error:ErrorException: Undefined array key "user" in C:\laragon\www\blog-post\public\index.php on line 14
[2025-02-14 14:37:15] Error:ErrorException: Undefined variable $user in C:\laragon\www\blog-post\app\views\layout\main.php on line 13
[2025-02-14 14:39:06] Error:ErrorException: Core\View::main(): The script tried to access a property on an incomplete object. Please ensure that the class definition &quot;App\Models\User&quot; of the object you are trying to operate on was loaded _before_ unserialize() gets called or provide an autoloader to load the class definition in C:\laragon\www\blog-post\app\views\layout\main.php on line 15
[2025-02-14 14:39:53] Error:Error: Object of class __PHP_Incomplete_Class could not be converted to string in C:\laragon\www\blog-post\app\views\layout\main.php on line 15
[2025-02-14 14:40:06] Error:ErrorException: Core\View::main(): The script tried to access a property on an incomplete object. Please ensure that the class definition &quot;App\Models\User&quot; of the object you are trying to operate on was loaded _before_ unserialize() gets called or provide an autoloader to load the class definition in C:\laragon\www\blog-post\app\views\layout\main.php on line 15
[2025-02-14 14:41:12] Error:Error: Cannot use object of type __PHP_Incomplete_Class as array in C:\laragon\www\blog-post\app\views\home\index.php on line 3
[2025-02-14 14:41:13] Error:Error: Cannot use object of type __PHP_Incomplete_Class as array in C:\laragon\www\blog-post\app\views\home\index.php on line 3
[2025-02-14 14:41:23] Error:ErrorException: Core\View::main(): The script tried to access a property on an incomplete object. Please ensure that the class definition &quot;App\Models\User&quot; of the object you are trying to operate on was loaded _before_ unserialize() gets called or provide an autoloader to load the class definition in C:\laragon\www\blog-post\app\views\home\index.php on line 3
[2025-02-14 15:27:04] Error:ErrorException: Undefined array key "user_id" in C:\laragon\www\blog-post\app\services\Auth.php on line 20
[2025-02-17 00:47:33] Error:TypeError: App\Services\Auth::user(): Return value must be of type App\Models\User, null returned in C:\laragon\www\blog-post\app\services\Auth.php on line 32
[2025-02-17 00:47:33] Error:ErrorException: Undefined variable $user in C:\laragon\www\blog-post\app\views\layout\main.php on line 13
[2025-02-17 00:48:30] Error:TypeError: App\Services\Auth::user(): Return value must be of type App\Models\User, null returned in C:\laragon\www\blog-post\app\services\Auth.php on line 32
[2025-02-17 00:48:30] Error:ErrorException: Undefined variable $user in C:\laragon\www\blog-post\app\views\layout\main.php on line 13
[2025-02-17 00:49:41] Error:TypeError: App\Services\Auth::user(): Return value must be of type App\Models\User, null returned in C:\laragon\www\blog-post\app\services\Auth.php on line 32
[2025-02-17 00:49:41] Error:ErrorException: Undefined variable $user in C:\laragon\www\blog-post\app\views\layout\main.php on line 13
[2025-02-17 00:50:28] Error:TypeError: App\Services\Auth::user(): Return value must be of type App\Models\User, null returned in C:\laragon\www\blog-post\app\services\Auth.php on line 32
[2025-02-17 00:50:28] Error:ErrorException: Undefined variable $user in C:\laragon\www\blog-post\app\views\layout\main.php on line 13
[2025-02-17 00:50:39] Error:TypeError: App\Services\Auth::user(): Return value must be of type App\Models\User, null returned in C:\laragon\www\blog-post\app\services\Auth.php on line 33
[2025-02-17 00:50:39] Error:ErrorException: Undefined variable $user in C:\laragon\www\blog-post\app\views\layout\main.php on line 13
[2025-02-17 00:56:03] Error:PDOException: SQLSTATE[HY000]: General error: 1 near ")": syntax error in C:\laragon\www\blog-post\core\Database.php on line 40
[2025-02-24 12:07:32] Error:Exception: Could not connect to database. in C:\laragon\www\blog-post\core\Database.php on line 25
[2025-02-24 12:07:32] Error:ErrorException: Undefined variable $user in C:\laragon\www\blog-post\app\views\layout\main.php on line 13
[2025-02-24 12:07:36] Error:Exception: Could not connect to database. in C:\laragon\www\blog-post\core\Database.php on line 25
[2025-02-24 12:07:36] Error:ErrorException: Undefined variable $user in C:\laragon\www\blog-post\app\views\layout\main.php on line 13
[2025-02-24 12:07:56] Error:Exception: Could not connect to database. in C:\laragon\www\blog-post\core\Database.php on line 25
[2025-02-24 12:07:56] Error:ErrorException: Undefined variable $user in C:\laragon\www\blog-post\app\views\layout\main.php on line 13
[2025-02-24 12:08:49] Error:Exception: Could not connect to database. in C:\laragon\www\blog-post\core\Database.php on line 25
[2025-02-24 12:08:49] Error:ErrorException: Undefined variable $user in C:\laragon\www\blog-post\app\views\layout\main.php on line 13
[2025-02-24 12:38:17] Error:Error: Class "App\Models\RememberToken" not found in C:\laragon\www\blog-post\app\services\RememberMe.php on line 12
[2025-02-24 12:39:46] Error:Error: Class "App\Models\RememberToken" not found in C:\laragon\www\blog-post\app\services\RememberMe.php on line 12
[2025-02-24 12:40:04] Error:Error: Class "App\Models\RememberToken" not found in C:\laragon\www\blog-post\app\services\RememberMe.php on line 12
[2025-02-24 12:42:57] Error:Error: Class "App\Models\RememberToken" not found in C:\laragon\www\blog-post\app\services\RememberMe.php on line 13
[2025-02-24 12:44:17] Error:Error: Class "App\Models\RememberToken" not found in C:\laragon\www\blog-post\app\services\RememberMe.php on line 13
[2025-02-24 12:45:20] Error:Error: Class "App\Models\RememberToken" not found in C:\laragon\www\blog-post\app\services\RememberMe.php on line 13
[2025-02-24 12:47:14] Error:Error: Class "App\Models\RememberToken" not found in C:\laragon\www\blog-post\app\services\RememberMe.php on line 13
[2025-02-24 12:48:56] Error:Error: Class "App\Models\RememberToken" not found in C:\laragon\www\blog-post\app\services\RememberMe.php on line 13
[2025-02-24 12:50:09] Error:Error: Class "App\Models\RememberToken" not found in C:\laragon\www\blog-post\app\services\RememberMe.php on line 13
[2025-02-24 12:53:26] Error:TypeError: App\Services\RememberMe::createToken(): Return value must be of type App\Models\RememberToken, none returned in C:\laragon\www\blog-post\app\services\RememberMe.php on line 17
[2025-02-24 12:59:38] Error:Error: Class "App\Models\RememberToken" not found in C:\laragon\www\blog-post\app\services\RememberMe.php on line 13
[2025-02-24 13:02:26] Error:Error: Class "App\Models\RememberToken" not found in C:\laragon\www\blog-post\app\services\RememberMe.php on line 13
[2025-02-24 13:02:40] Error:Error: Class "App\Models\RememberToken" not found in C:\laragon\www\blog-post\app\services\RememberMe.php on line 13
[2025-02-24 13:03:27] Error:Error: Class "App\Models\RememberToken" not found in C:\laragon\www\blog-post\app\services\RememberMe.php on line 14
[2025-02-24 13:13:26] Error:Error: Class "App\Models\RememberToken" not found in C:\laragon\www\blog-post\app\services\RememberMe.php on line 13
[2025-02-24 13:16:11] Error:Error: Class "App\Models\RememberToken" not found in C:\laragon\www\blog-post\app\services\RememberMe.php on line 14
[2025-02-24 13:17:00] Error:Error: Class "App\Models\RememberToken" not found in C:\laragon\www\blog-post\app\services\RememberMe.php on line 14
[2025-02-24 13:17:14] Error:Error: Class "App\Models\RememberToken" not found in C:\laragon\www\blog-post\app\services\RememberMe.php on line 14
[2025-02-24 13:17:51] Error:Error: Class "App\Models\RememberToken" not found in C:\laragon\www\blog-post\app\services\RememberMe.php on line 14
[2025-02-24 13:19:03] Error:Error: Class "App\Models\RememberToken" not found in C:\laragon\www\blog-post\app\services\RememberMe.php on line 14
[2025-02-24 13:20:23] Error:Error: Class "App\Models\RememberToken" not found in C:\laragon\www\blog-post\app\services\RememberMe.php on line 14
[2025-02-24 13:21:28] Error:Error: Class "App\Models\RememberToken" not found in C:\laragon\www\blog-post\app\services\RememberMe.php on line 14
[2025-02-24 15:27:24] Error:TypeError: App\Services\CSRF::getTokenFieldName(): Return value must be of type int, string returned in C:\laragon\www\blog-post\app\services\CSRF.php on line 37
[2025-02-26 13:50:42] Error:Error: Unknown named parameter $id in C:\laragon\www\blog-post\core\Router.php on line 87
[2025-02-26 15:23:04] Error:Error: Value of type null is not callable in C:\laragon\www\blog-post\core\Router.php on line 56
[2025-02-26 15:36:50] Error:TypeError: Core\Router::dispatch(): Return value must be of type string, null returned in C:\laragon\www\blog-post\core\Router.php on line 45
[2025-02-26 15:37:48] Error:TypeError: Core\Router::dispatch(): Return value must be of type string, null returned in C:\laragon\www\blog-post\core\Router.php on line 45
[2025-02-26 15:37:50] Error:TypeError: Core\Router::dispatch(): Return value must be of type string, null returned in C:\laragon\www\blog-post\core\Router.php on line 45
[2025-02-26 15:38:02] Error:TypeError: Core\Router::dispatch(): Return value must be of type string, null returned in C:\laragon\www\blog-post\core\Router.php on line 45
[2025-02-26 15:38:04] Error:TypeError: Core\Router::dispatch(): Return value must be of type string, null returned in C:\laragon\www\blog-post\core\Router.php on line 45
[2025-02-26 15:38:05] Error:TypeError: Core\Router::dispatch(): Return value must be of type string, null returned in C:\laragon\www\blog-post\core\Router.php on line 45
[2025-02-26 15:38:06] Error:TypeError: Core\Router::dispatch(): Return value must be of type string, null returned in C:\laragon\www\blog-post\core\Router.php on line 45
[2025-02-26 15:39:18] Error:TypeError: Core\Router::dispatch(): Return value must be of type string, null returned in C:\laragon\www\blog-post\core\Router.php on line 45
[2025-02-26 15:43:53] Error:TypeError: Core\Router::dispatch(): Return value must be of type string, Closure returned in C:\laragon\www\blog-post\core\Router.php on line 45
[2025-02-26 15:48:42] Error:TypeError: Core\Router::dispatch(): Return value must be of type string, Closure returned in C:\laragon\www\blog-post\core\Router.php on line 45
[2025-02-26 15:48:43] Error:TypeError: Core\Router::dispatch(): Return value must be of type string, Closure returned in C:\laragon\www\blog-post\core\Router.php on line 45
[2025-02-26 15:48:44] Error:TypeError: Core\Router::dispatch(): Return value must be of type string, Closure returned in C:\laragon\www\blog-post\core\Router.php on line 45
[2025-02-26 15:48:48] Error:TypeError: Core\Router::dispatch(): Return value must be of type string, Closure returned in C:\laragon\www\blog-post\core\Router.php on line 45
[2025-02-26 15:50:35] Error:Error: Object of class Closure could not be converted to string in C:\laragon\www\blog-post\public\index.php on line 16
[2025-02-26 15:50:54] Error:Error: Object of class Closure could not be converted to string in C:\laragon\www\blog-post\public\index.php on line 16
[2025-02-26 15:51:11] Error:Error: Object of class Closure could not be converted to string in C:\laragon\www\blog-post\public\index.php on line 16
[2025-02-26 15:51:19] Error:Error: Object of class Closure could not be converted to string in C:\laragon\www\blog-post\public\index.php on line 16
[2025-02-26 15:52:05] Error:Error: Object of class Closure could not be converted to string in C:\laragon\www\blog-post\public\index.php on line 16
[2025-02-26 16:28:38] Error:Error: Object of class Closure could not be converted to string in C:\laragon\www\blog-post\public\index.php on line 22
[2025-02-26 16:29:52] Error:Error: Object of class Closure could not be converted to string in C:\laragon\www\blog-post\public\index.php on line 22
[2025-02-26 16:30:10] Error:Error: Object of class Closure could not be converted to string in C:\laragon\www\blog-post\public\index.php on line 22
[2025-02-26 16:34:04] Error:Error: Object of class Closure could not be converted to string in C:\laragon\www\blog-post\public\index.php on line 23
[2025-02-26 18:02:21] Error:ErrorException: Creation of dynamic property App\Models\Comment::$title is deprecated in C:\laragon\www\blog-post\core\Database.php on line 49
[2025-02-26 18:03:37] Error:ErrorException: Creation of dynamic property App\Models\Comment::$title is deprecated in C:\laragon\www\blog-post\core\Database.php on line 49
[2025-02-26 18:03:38] Error:ErrorException: Creation of dynamic property App\Models\Comment::$title is deprecated in C:\laragon\www\blog-post\core\Database.php on line 49
[2025-02-26 18:05:12] Error:ErrorException: Creation of dynamic property App\Models\Comment::$title is deprecated in C:\laragon\www\blog-post\core\Database.php on line 49
[2025-02-26 18:05:18] Error:ErrorException: Creation of dynamic property App\Models\Comment::$title is deprecated in C:\laragon\www\blog-post\core\Database.php on line 49
[2025-02-26 18:05:24] Error:ErrorException: Creation of dynamic property App\Models\Comment::$title is deprecated in C:\laragon\www\blog-post\core\Database.php on line 49
[2025-02-26 18:07:39] Error:ErrorException: Creation of dynamic property App\Models\Comment::$title is deprecated in C:\laragon\www\blog-post\core\Database.php on line 49
[2025-02-26 18:07:48] Error:ErrorException: Creation of dynamic property App\Models\Comment::$title is deprecated in C:\laragon\www\blog-post\core\Database.php on line 49
[2025-02-26 18:07:52] Error:ErrorException: Creation of dynamic property App\Models\Comment::$title is deprecated in C:\laragon\www\blog-post\core\Database.php on line 49
[2025-02-26 18:07:56] Error:ErrorException: Creation of dynamic property App\Models\Comment::$title is deprecated in C:\laragon\www\blog-post\core\Database.php on line 49
[2025-02-26 18:08:59] Error:ErrorException: Creation of dynamic property App\Models\Comment::$title is deprecated in C:\laragon\www\blog-post\core\Database.php on line 49
[2025-02-26 18:09:45] Error:ErrorException: Creation of dynamic property App\Models\Comment::$title is deprecated in C:\laragon\www\blog-post\core\Database.php on line 49
[2025-02-26 18:09:56] Error:ErrorException: Creation of dynamic property App\Models\Comment::$title is deprecated in C:\laragon\www\blog-post\core\Database.php on line 49
[2025-02-26 18:10:34] Error:ErrorException: Creation of dynamic property App\Models\Comment::$title is deprecated in C:\laragon\www\blog-post\core\Database.php on line 49
[2025-02-26 18:10:44] Error:ErrorException: Undefined variable $totalPosts in C:\laragon\www\blog-post\app\views\admin\dashboard.php on line 1
[2025-02-26 18:11:33] Error:ErrorException: Undefined variable $totalPosts in C:\laragon\www\blog-post\app\views\admin\dashboard.php on line 1
[2025-02-26 18:11:46] Error:ErrorException: Undefined variable $totalPosts in C:\laragon\www\blog-post\app\views\admin\dashboard.php on line 1
[2025-02-26 18:11:48] Error:ErrorException: Undefined variable $totalPosts in C:\laragon\www\blog-post\app\views\admin\dashboard.php on line 1
[2025-02-26 18:11:50] Error:ErrorException: Undefined variable $totalPosts in C:\laragon\www\blog-post\app\views\admin\dashboard.php on line 1
[2025-02-26 18:12:20] Error:ErrorException: Undefined variable $totalPosts in C:\laragon\www\blog-post\app\views\admin\dashboard.php on line 1
[2025-02-26 18:13:05] Error:ErrorException: Creation of dynamic property App\Models\Comment::$title is deprecated in C:\laragon\www\blog-post\core\Database.php on line 49
[2025-02-26 18:13:51] Error:ErrorException: Creation of dynamic property App\Models\Comment::$title is deprecated in C:\laragon\www\blog-post\core\Database.php on line 49
[2025-02-26 18:17:46] Error:ErrorException: Undefined variable $totalPosts in C:\laragon\www\blog-post\app\views\admin\dashboard.php on line 1
[2025-02-26 18:18:15] Error:ErrorException: Creation of dynamic property App\Models\Comment::$title is deprecated in C:\laragon\www\blog-post\core\Database.php on line 49
[2025-02-26 18:18:53] Error:ErrorException: Creation of dynamic property App\Models\Comment::$title is deprecated in C:\laragon\www\blog-post\core\Database.php on line 49
[2025-02-26 18:18:59] Error:ErrorException: Creation of dynamic property App\Models\Comment::$title is deprecated in C:\laragon\www\blog-post\core\Database.php on line 49
[2025-02-26 18:21:38] Error:ErrorException: Array to string conversion in C:\laragon\www\blog-post\app\views\admin\dashboard.php on line 6
[2025-02-26 20:46:30] Error:RuntimeException: Error: Template file not found: C:\laragon\www\blog-post/app/views/admin/posts/create.php in C:\laragon\www\blog-post\core\View.php on line 27
[2025-02-26 20:46:46] Error:RuntimeException: Error: Template file not found: C:\laragon\www\blog-post/app/views/admin/posts/create.php in C:\laragon\www\blog-post\core\View.php on line 27
[2025-02-26 20:47:06] Error:RuntimeException: Error: Template file not found: C:\laragon\www\blog-post/app/views/admin/posts/create.php in C:\laragon\www\blog-post\core\View.php on line 27
[2025-02-26 20:47:55] Error:RuntimeException: Error: Template file not found: C:\laragon\www\blog-post/app/views/admin/posts/create.php in C:\laragon\www\blog-post\core\View.php on line 27
[2025-02-26 20:51:41] Error:ErrorException: Undefined property: App\Models\Post::$create_at in C:\laragon\www\blog-post\app\views\admin\posts\index.php on line 18
[2025-02-26 20:51:56] Error:ErrorException: Undefined property: App\Models\Post::$create_at in C:\laragon\www\blog-post\app\views\admin\posts\index.php on line 18
[2025-02-26 20:55:27] Error:Error: Unknown named parameter $id in C:\laragon\www\blog-post\core\Router.php on line 124
[2025-02-26 20:56:48] Error:Error: Unknown named parameter $id in C:\laragon\www\blog-post\core\Router.php on line 124
[2025-02-26 20:57:53] Error:Error: Unknown named parameter $id in C:\laragon\www\blog-post\core\Router.php on line 124
[2025-02-26 21:01:54] Error:RuntimeException: Error: Template file not found: C:\laragon\www\blog-post/app/views/admin/posts/edit.php in C:\laragon\www\blog-post\core\View.php on line 27
[2025-02-28 05:59:41] Error:Error: Call to undefined function e() in C:\laragon\www\blog-post\app\views\posts\index.php on line 11
[2025-02-28 06:27:57] Error:ErrorException: Undefined variable $limit in C:\laragon\www\blog-post\app\views\posts\index.php on line 42
[2025-02-28 06:33:41] Error:ErrorException: Undefined array key "search" in C:\laragon\www\blog-post\app\controllers\PostController.php on line 12
[2025-02-28 06:55:06] Error:Error: Class "App\Controllers\Authorization" not found in C:\laragon\www\blog-post\app\controllers\HomeController.php on line 11
[2025-02-28 08:14:44] Error:Error: Class "App\Middlewares\RedirectUnatuhAndNonAdminUser" not found in C:\laragon\www\blog-post\core\Router.php on line 53
[2025-02-28 08:14:44] Error:Error: Class "App\Middlewares\RedirectUnatuhAndNonAdminUser" not found in C:\laragon\www\blog-post\core\Router.php on line 53
[2025-02-28 10:19:09] Error:ErrorException: Creation of dynamic property App\Models\Comment::$user_name is deprecated in C:\laragon\www\blog-post\core\Database.php on line 49
[2025-02-28 10:20:17] Error:ErrorException: Creation of dynamic property App\Models\Comment::$name is deprecated in C:\laragon\www\blog-post\core\Database.php on line 49
[2025-02-28 10:21:18] Error:ErrorException: Creation of dynamic property App\Models\Comment::$user_name is deprecated in C:\laragon\www\blog-post\core\Database.php on line 49
[2025-02-28 10:54:01] Error:RuntimeException: Error: Template file not found: C:\laragon\www\blog-post/app/views/auth/create.php in C:\laragon\www\blog-post\core\View.php on line 27
[2025-02-28 10:54:16] Error:RuntimeException: Error: Template file not found: C:\laragon\www\blog-post/app/views/auth/create.php in C:\laragon\www\blog-post\core\View.php on line 27
[2025-02-28 10:54:17] Error:RuntimeException: Error: Template file not found: C:\laragon\www\blog-post/app/views/auth/create.php in C:\laragon\www\blog-post\core\View.php on line 27
[2025-02-28 11:17:50] Error:TypeError: Core\Router::callAction(): Return value must be of type string, null returned in C:\laragon\www\blog-post\core\Router.php on line 124
[2025-02-28 11:19:24] Error:TypeError: Core\Router::callAction(): Return value must be of type string, null returned in C:\laragon\www\blog-post\core\Router.php on line 124
[2025-02-28 11:23:16] Error:TypeError: Core\Router::callAction(): Return value must be of type string, null returned in C:\laragon\www\blog-post\core\Router.php on line 124
[2025-02-28 11:25:18] Error:TypeError: Core\Router::callAction(): Return value must be of type string, null returned in C:\laragon\www\blog-post\core\Router.php on line 124
[2025-02-28 11:26:07] Error:TypeError: App\Services\Auth::register(): Return value must be of type mixed, none returned in C:\laragon\www\blog-post\app\services\Auth.php on line 50
[2025-02-28 11:29:07] Error:TypeError: App\Services\Auth::register(): Return value must be of type string, none returned in C:\laragon\www\blog-post\app\services\Auth.php on line 50
[2025-02-28 11:29:24] Error:TypeError: App\Services\Auth::register(): Return value must be of type string, none returned in C:\laragon\www\blog-post\app\services\Auth.php on line 50
[2025-02-28 11:46:12] Error:TypeError: App\Services\Auth::register(): Return value must be of type mixed, none returned in C:\laragon\www\blog-post\app\services\Auth.php on line 58
[2025-02-28 12:40:05] Error:TypeError: App\Services\Auth::user(): Return value must be of type ?App\Models\User, bool returned in C:\laragon\www\blog-post\app\services\Auth.php on line 45
[2025-02-28 12:40:05] Error:ErrorException: Undefined variable $user in C:\laragon\www\blog-post\app\views\layout\main.php on line 13
[2025-02-28 12:40:12] Error:TypeError: App\Services\Auth::user(): Return value must be of type ?App\Models\User, bool returned in C:\laragon\www\blog-post\app\services\Auth.php on line 45
[2025-02-28 12:40:12] Error:ErrorException: Undefined variable $user in C:\laragon\www\blog-post\app\views\layout\main.php on line 13
[2025-02-28 12:40:23] Error:TypeError: App\Services\Auth::user(): Return value must be of type ?App\Models\User, bool returned in C:\laragon\www\blog-post\app\services\Auth.php on line 45
[2025-02-28 12:40:23] Error:ErrorException: Undefined variable $user in C:\laragon\www\blog-post\app\views\layout\main.php on line 13
[2025-02-28 12:40:24] Error:TypeError: App\Services\Auth::user(): Return value must be of type ?App\Models\User, bool returned in C:\laragon\www\blog-post\app\services\Auth.php on line 45
[2025-02-28 12:40:24] Error:ErrorException: Undefined variable $user in C:\laragon\www\blog-post\app\views\layout\main.php on line 13
[2025-02-28 12:40:24] Error:TypeError: App\Services\Auth::user(): Return value must be of type ?App\Models\User, bool returned in C:\laragon\www\blog-post\app\services\Auth.php on line 45
[2025-02-28 12:40:24] Error:ErrorException: Undefined variable $user in C:\laragon\www\blog-post\app\views\layout\main.php on line 13
[2025-02-28 12:40:43] Error:TypeError: App\Services\Auth::user(): Return value must be of type ?App\Models\User, bool returned in C:\laragon\www\blog-post\app\services\Auth.php on line 45
[2025-02-28 12:40:43] Error:ErrorException: Undefined variable $user in C:\laragon\www\blog-post\app\views\layout\main.php on line 13
[2025-02-28 12:40:44] Error:TypeError: App\Services\Auth::user(): Return value must be of type ?App\Models\User, bool returned in C:\laragon\www\blog-post\app\services\Auth.php on line 45
[2025-02-28 12:40:44] Error:ErrorException: Undefined variable $user in C:\laragon\www\blog-post\app\views\layout\main.php on line 13
[2025-02-28 12:40:45] Error:TypeError: App\Services\Auth::user(): Return value must be of type ?App\Models\User, bool returned in C:\laragon\www\blog-post\app\services\Auth.php on line 45
[2025-02-28 12:40:45] Error:ErrorException: Undefined variable $user in C:\laragon\www\blog-post\app\views\layout\main.php on line 13
[2025-02-28 12:41:03] Error:TypeError: App\Services\Auth::user(): Return value must be of type ?App\Models\User, bool returned in C:\laragon\www\blog-post\app\services\Auth.php on line 45
[2025-02-28 12:41:03] Error:ErrorException: Undefined variable $user in C:\laragon\www\blog-post\app\views\layout\main.php on line 13
[2025-02-28 12:41:03] Error:TypeError: App\Services\Auth::user(): Return value must be of type ?App\Models\User, bool returned in C:\laragon\www\blog-post\app\services\Auth.php on line 45
[2025-02-28 12:41:03] Error:ErrorException: Undefined variable $user in C:\laragon\www\blog-post\app\views\layout\main.php on line 13
[2025-02-28 12:41:13] Error:TypeError: App\Services\Auth::user(): Return value must be of type ?App\Models\User, bool returned in C:\laragon\www\blog-post\app\services\Auth.php on line 45
[2025-02-28 12:41:13] Error:ErrorException: Undefined variable $user in C:\laragon\www\blog-post\app\views\layout\main.php on line 13
[2025-02-28 12:41:20] Error:TypeError: App\Services\Auth::user(): Return value must be of type ?App\Models\User, bool returned in C:\laragon\www\blog-post\app\services\Auth.php on line 45
[2025-02-28 12:41:20] Error:ErrorException: Undefined variable $user in C:\laragon\www\blog-post\app\views\layout\main.php on line 13
[2025-02-28 12:53:38] Error:ErrorException: Undefined property: App\Models\User::$title in C:\laragon\www\blog-post\app\views\admin\users\index.php on line 15
[2025-03-02 14:36:57] Error:ErrorException: Undefined variable $prevDisabled in C:\laragon\www\blog-post\app\views\posts\index.php on line 59
